<?xml version="1.0" encoding="UTF-8"?>
<testsuite xmlns:xsi="http://www.w3.org/2001/XMLSchema-instance" xsi:noNamespaceSchemaLocation="https://maven.apache.org/surefire/maven-surefire-plugin/xsd/surefire-test-report.xsd" name="io.javabrains.MathUtilsTest" time="0.056" tests="34" errors="0" skipped="0" failures="0">
  <properties>
    <property name="java.specification.version" value="15"/>
    <property name="sun.cpu.isalist" value="amd64"/>
    <property name="sun.jnu.encoding" value="Cp1252"/>
    <property name="java.class.path" value="F:\NHCE\junit-5-basics\target\test-classes;F:\NHCE\junit-5-basics\target\classes;C:\Users\Stuti\.m2\repository\org\junit\jupiter\junit-jupiter-engine\5.4.0\junit-jupiter-engine-5.4.0.jar;C:\Users\Stuti\.m2\repository\org\apiguardian\apiguardian-api\1.0.0\apiguardian-api-1.0.0.jar;C:\Users\Stuti\.m2\repository\org\junit\platform\junit-platform-engine\1.4.0\junit-platform-engine-1.4.0.jar;C:\Users\Stuti\.m2\repository\org\junit\jupiter\junit-jupiter-api\5.4.0\junit-jupiter-api-5.4.0.jar;C:\Users\Stuti\.m2\repository\org\opentest4j\opentest4j\1.1.1\opentest4j-1.1.1.jar;C:\Users\Stuti\.m2\repository\org\junit\platform\junit-platform-commons\1.4.0\junit-platform-commons-1.4.0.jar;C:\Users\Stuti\.m2\repository\org\slf4j\slf4j-api\1.7.30\slf4j-api-1.7.30.jar;C:\Users\Stuti\.m2\repository\org\slf4j\slf4j-simple\1.7.21\slf4j-simple-1.7.21.jar;"/>
    <property name="java.vm.vendor" value="Oracle Corporation"/>
    <property name="sun.arch.data.model" value="64"/>
    <property name="user.variant" value=""/>
    <property name="java.vendor.url" value="https://java.oracle.com/"/>
    <property name="user.timezone" value="Asia/Calcutta"/>
    <property name="os.name" value="Windows 10"/>
    <property name="java.vm.specification.version" value="15"/>
    <property name="sun.java.launcher" value="SUN_STANDARD"/>
    <property name="user.country" value="IN"/>
    <property name="sun.boot.library.path" value="C:\Program Files\eclipse\plugins\org.eclipse.justj.openjdk.hotspot.jre.full.win32.x86_64_15.0.2.v20210201-0955\jre\bin"/>
    <property name="sun.java.command" value="C:\Users\Stuti\AppData\Local\Temp\surefire17809952804046066813\surefirebooter9459770496902806940.jar C:\Users\Stuti\AppData\Local\Temp\surefire17809952804046066813 2022-01-03T14-09-32_194-jvmRun1 surefire12584043625411126023tmp surefire_016329870860623728302tmp"/>
    <property name="jdk.debug" value="release"/>
    <property name="surefire.test.class.path" value="F:\NHCE\junit-5-basics\target\test-classes;F:\NHCE\junit-5-basics\target\classes;C:\Users\Stuti\.m2\repository\org\junit\jupiter\junit-jupiter-engine\5.4.0\junit-jupiter-engine-5.4.0.jar;C:\Users\Stuti\.m2\repository\org\apiguardian\apiguardian-api\1.0.0\apiguardian-api-1.0.0.jar;C:\Users\Stuti\.m2\repository\org\junit\platform\junit-platform-engine\1.4.0\junit-platform-engine-1.4.0.jar;C:\Users\Stuti\.m2\repository\org\junit\jupiter\junit-jupiter-api\5.4.0\junit-jupiter-api-5.4.0.jar;C:\Users\Stuti\.m2\repository\org\opentest4j\opentest4j\1.1.1\opentest4j-1.1.1.jar;C:\Users\Stuti\.m2\repository\org\junit\platform\junit-platform-commons\1.4.0\junit-platform-commons-1.4.0.jar;C:\Users\Stuti\.m2\repository\org\slf4j\slf4j-api\1.7.30\slf4j-api-1.7.30.jar;C:\Users\Stuti\.m2\repository\org\slf4j\slf4j-simple\1.7.21\slf4j-simple-1.7.21.jar;"/>
    <property name="sun.cpu.endian" value="little"/>
    <property name="user.home" value="C:\Users\Stuti"/>
    <property name="user.language" value="en"/>
    <property name="java.specification.vendor" value="Oracle Corporation"/>
    <property name="java.version.date" value="2021-01-19"/>
    <property name="java.home" value="C:\Program Files\eclipse\plugins\org.eclipse.justj.openjdk.hotspot.jre.full.win32.x86_64_15.0.2.v20210201-0955\jre"/>
    <property name="file.separator" value="\"/>
    <property name="basedir" value="F:\NHCE\junit-5-basics"/>
    <property name="java.vm.compressedOopsMode" value="32-bit"/>
    <property name="line.separator" value="&#10;"/>
    <property name="java.vm.specification.vendor" value="Oracle Corporation"/>
    <property name="java.specification.name" value="Java Platform API Specification"/>
    <property name="surefire.real.class.path" value="C:\Users\Stuti\AppData\Local\Temp\surefire17809952804046066813\surefirebooter9459770496902806940.jar"/>
    <property name="user.script" value=""/>
    <property name="sun.management.compiler" value="HotSpot 64-Bit Tiered Compilers"/>
    <property name="java.runtime.version" value="15.0.2+7-27"/>
    <property name="user.name" value="Stuti"/>
    <property name="path.separator" value=";"/>
    <property name="os.version" value="10.0"/>
    <property name="java.runtime.name" value="OpenJDK Runtime Environment"/>
    <property name="file.encoding" value="Cp1252"/>
    <property name="java.vm.name" value="OpenJDK 64-Bit Server VM"/>
    <property name="localRepository" value="C:\Users\Stuti\.m2\repository"/>
    <property name="java.vendor.url.bug" value="https://bugreport.java.com/bugreport/"/>
    <property name="java.io.tmpdir" value="C:\Users\Stuti\AppData\Local\Temp\"/>
    <property name="java.version" value="15.0.2"/>
    <property name="user.dir" value="F:\NHCE\junit-5-basics"/>
    <property name="os.arch" value="amd64"/>
    <property name="java.vm.specification.name" value="Java Virtual Machine Specification"/>
    <property name="sun.os.patch.level" value=""/>
    <property name="java.library.path" value="C:\Program Files\eclipse\plugins\org.eclipse.justj.openjdk.hotspot.jre.full.win32.x86_64_15.0.2.v20210201-0955\jre\bin;C:\WINDOWS\Sun\Java\bin;C:\WINDOWS\system32;C:\WINDOWS;C:/Program Files/eclipse//plugins/org.eclipse.justj.openjdk.hotspot.jre.full.win32.x86_64_15.0.2.v20210201-0955/jre/bin/server;C:/Program Files/eclipse//plugins/org.eclipse.justj.openjdk.hotspot.jre.full.win32.x86_64_15.0.2.v20210201-0955/jre/bin;C:\Program Files (x86)\Common Files\Oracle\Java\javapath;C:\Program Files (x86)\Intel\Intel(R) Management Engine Components\iCLS\;C:\Program Files\Intel\Intel(R) Management Engine Components\iCLS\;C:\windows\system32;C:\windows;C:\windows\System32\Wbem;C:\windows\System32\WindowsPowerShell\v1.0\;C:\Program Files (x86)\NVIDIA Corporation\PhysX\Common;C:\Program Files (x86)\Intel\Intel(R) Management Engine Components\DAL;C:\Program Files\Intel\Intel(R) Management Engine Components\DAL;C:\Program Files (x86)\Intel\Intel(R) Management Engine Components\IPT;C:\Program Files\Intel\Intel(R) Management Engine Components\IPT;C:\WINDOWS\system32;C:\WINDOWS;C:\WINDOWS\System32\Wbem;C:\WINDOWS\System32\WindowsPowerShell\v1.0\;C:\WINDOWS\System32\OpenSSH\;C:\Program Files\NVIDIA Corporation\NVIDIA NvDLISR;C:\Program Files (x86)\Flash Magic;C:\WINDOWS\system32;C:\WINDOWS;C:\WINDOWS\System32\Wbem;C:\WINDOWS\System32\WindowsPowerShell\v1.0\;C:\WINDOWS\System32\OpenSSH\;C:\xampp\php;C:\ProgramData\ComposerSetup\bin;C:\xampps\php;C:\Program Files (x86)\Windows Live\Shared;C:\Program Files\dotnet\;C:\Program Files\Git\cmd;C:\Program Files\Java\jdk1.8.0_261\bin;C:\Program Files\MongoDB\Server\4.4\bin;C:\Users\Stuti\AppData\Local\Programs\Python\Python38-32\Scripts\;C:\Users\Stuti\AppData\Local\Programs\Python\Python38-32\;C:\Program Files\MySQL\MySQL Shell 8.0\bin\;C:\Users\Stuti\AppData\Local\Microsoft\WindowsApps;C:\Program Files\JetBrains\PyCharm Community Edition 2020.2.3\bin;C:\Users\Stuti\AppData\Local\atom\bin;C:\Users\Stuti\AppData\Roaming\Composer\vendor\bin;C:\Program Files\eclipse;;."/>
    <property name="java.vm.info" value="mixed mode"/>
    <property name="java.vendor" value="Oracle Corporation"/>
    <property name="java.vm.version" value="15.0.2+7-27"/>
    <property name="sun.io.unicode.encoding" value="UnicodeLittle"/>
    <property name="java.class.version" value="59.0"/>
  </properties>
  <testcase name="add" classname="io.javabrains.MathUtilsTest" time="0.007"/>
  <testcase name="div" classname="io.javabrains.MathUtilsTest" time="0.001"/>
  <testcase name="exp" classname="io.javabrains.MathUtilsTest" time="0"/>
  <testcase name="mul" classname="io.javabrains.MathUtilsTest" time="0.001"/>
  <testcase name="sub" classname="io.javabrains.MathUtilsTest" time="0.001"/>
  <testcase name="add1" classname="io.javabrains.MathUtilsTest" time="0"/>
  <testcase name="add2" classname="io.javabrains.MathUtilsTest" time="0"/>
  <testcase name="add3" classname="io.javabrains.MathUtilsTest" time="0"/>
  <testcase name="add4" classname="io.javabrains.MathUtilsTest" time="0"/>
  <testcase name="div1" classname="io.javabrains.MathUtilsTest" time="0"/>
  <testcase name="div2" classname="io.javabrains.MathUtilsTest" time="0.001"/>
  <testcase name="div3" classname="io.javabrains.MathUtilsTest" time="0.001"/>
  <testcase name="div4" classname="io.javabrains.MathUtilsTest" time="0.001"/>
  <testcase name="div5" classname="io.javabrains.MathUtilsTest" time="0.001"/>
  <testcase name="div6" classname="io.javabrains.MathUtilsTest" time="0.001"/>
  <testcase name="div7" classname="io.javabrains.MathUtilsTest" time="0.012"/>
  <testcase name="div8" classname="io.javabrains.MathUtilsTest" time="0"/>
  <testcase name="div9" classname="io.javabrains.MathUtilsTest" time="0"/>
  <testcase name="exp1" classname="io.javabrains.MathUtilsTest" time="0.001"/>
  <testcase name="exp2" classname="io.javabrains.MathUtilsTest" time="0.001"/>
  <testcase name="exp3" classname="io.javabrains.MathUtilsTest" time="0"/>
  <testcase name="exp4" classname="io.javabrains.MathUtilsTest" time="0"/>
  <testcase name="exp5" classname="io.javabrains.MathUtilsTest" time="0.001"/>
  <testcase name="exp6" classname="io.javabrains.MathUtilsTest" time="0.001"/>
  <testcase name="exp7" classname="io.javabrains.MathUtilsTest" time="0.001"/>
  <testcase name="exp8" classname="io.javabrains.MathUtilsTest" time="0.001"/>
  <testcase name="mul1" classname="io.javabrains.MathUtilsTest" time="0"/>
  <testcase name="mul2" classname="io.javabrains.MathUtilsTest" time="0"/>
  <testcase name="mul3" classname="io.javabrains.MathUtilsTest" time="0"/>
  <testcase name="mul4" classname="io.javabrains.MathUtilsTest" time="0"/>
  <testcase name="sub1" classname="io.javabrains.MathUtilsTest" time="0"/>
  <testcase name="sub2" classname="io.javabrains.MathUtilsTest" time="0"/>
  <testcase name="sub3" classname="io.javabrains.MathUtilsTest" time="0"/>
  <testcase name="sub4" classname="io.javabrains.MathUtilsTest" time="0.001"/>
</testsuite>